<?xml version="1.0" encoding="UTF-8"?>
<testng-results skipped="0" failed="0" ignored="0" total="1" passed="1">
  <reporter-output>
    <line>
      <![CDATA[Test started in listner : cycle1]]>
    </line>
    <line>
      <![CDATA[To initiate browser]]>
    </line>
    <line>
      <![CDATA[Browser initiated]]>
    </line>
    <line>
      <![CDATA[to open url : http://demo.nopcommerce.com/]]>
    </line>
    <line>
      <![CDATA[url opened]]>
    </line>
    <line>
      <![CDATA[To maximize window]]>
    </line>
    <line>
      <![CDATA[window maximized]]>
    </line>
  </reporter-output>
  <suite name="regression" duration-ms="13098" started-at="2018-04-23T14:37:57Z" finished-at="2018-04-23T14:38:10Z">
    <groups>
    </groups>
    <test name="cycle1" duration-ms="13098" started-at="2018-04-23T14:37:57Z" finished-at="2018-04-23T14:38:10Z">
      <class name="com.test.auto.uiAuto.TC_001_LoginToApplication">
        <test-method status="PASS" signature="start_test()[pri:0, instance:com.test.auto.uiAuto.TC_001_LoginToApplication@14bf9759]" name="start_test" duration-ms="12965" started-at="2018-04-23T20:07:57Z" finished-at="2018-04-23T20:08:10Z">
          <reporter-output>
            <line>
              <![CDATA[To initiate browser]]>
            </line>
            <line>
              <![CDATA[Browser initiated]]>
            </line>
            <line>
              <![CDATA[to open url : http://demo.nopcommerce.com/]]>
            </line>
            <line>
              <![CDATA[url opened]]>
            </line>
            <line>
              <![CDATA[To maximize window]]>
            </line>
            <line>
              <![CDATA[window maximized]]>
            </line>
          </reporter-output>
        </test-method> <!-- start_test -->
        <test-method status="PASS" signature="end_Test()[pri:0, instance:com.test.auto.uiAuto.TC_001_LoginToApplication@14bf9759]" name="end_Test" is-config="true" duration-ms="43" started-at="2018-04-23T20:08:10Z" finished-at="2018-04-23T20:08:10Z">
          <reporter-output>
          </reporter-output>
        </test-method> <!-- end_Test -->
      </class> <!-- com.test.auto.uiAuto.TC_001_LoginToApplication -->
    </test> <!-- cycle1 -->
  </suite> <!-- regression -->
</testng-results>
